RUN 1 ISETS 12 TOTALGDD 8165634
RUN 2 ISETS 9 TOTALGDD 7160412
RUN 3 ISETS 7 TOTALGDD 5782834
RUN 4 ISETS 5 TOTALGDD 4572029
RUN 5 ISETS 4 TOTALGDD 3421020
RUN 6 ISETS 3 TOTALGDD 2386996
RUN 7 ISETS 2 TOTALGDD 1386996
RUN 8 ISETS 3 TOTALGDD 2773992
RUN 9 ISETS 6 TOTALGDD 4640543
RUN 10 ISETS 2 TOTALGDD 1395902
RUN 11 ISETS 4 TOTALGDD 2386996
RUN 12 ISETS 2 TOTALGDD 1386996
RUN 13 ISETS 3 TOTALGDD 2773992
RUN 14 ISETS 6 TOTALGDD 4606258
RUN 15 ISETS 2 TOTALGDD 1391538
RUN 16 ISETS 3 TOTALGDD 2386996
RUN 17 ISETS 2 TOTALGDD 1386996
RUN 18 ISETS 3 TOTALGDD 2773992
RUN 19 ISETS 6 TOTALGDD 4653912
RUN 20 ISETS 2 TOTALGDD 1389886
